<?xml version="1.0" encoding="UTF-8"?>
<!-- Generated by org.testng.reporters.JUnitReportReporter -->
<testsuite name="core.DPTest" tests="4" time="0.028" ignored="0" failures="0" timestamp="24 Jan 2017 07:43:50 GMT" skipped="0" hostname="DmitryFRAMEWORK" errors="0">
  <testcase name="test" time="0.017" classname="core.DPTest"/>
  <testcase name="test" time="0.001" classname="core.DPTest"/>
  <testcase name="test" time="0.006" classname="core.DPTest"/>
  <testcase name="test" time="0.004" classname="core.DPTest"/>
</testsuite> <!-- core.DPTest -->
